
> Configure project :app
WARNING: Using flatDir should be avoided because it doesn't support any meta-data formats.

> Configure project :capacitor-cordova-android-plugins
WARNING: Using flatDir should be avoided because it doesn't support any meta-data formats.

> Task :app:preBuild UP-TO-DATE
> Task :app:preDebugBuild UP-TO-DATE
> Task :app:mergeDebugNativeDebugMetadata NO-SOURCE
> Task :app:javaPreCompileDebug UP-TO-DATE
> Task :capacitor-android:preBuild UP-TO-DATE
> Task :capacitor-android:preDebugBuild UP-TO-DATE
> Task :capacitor-android:writeDebugAarMetadata UP-TO-DATE
> Task :capacitor-app:preBuild UP-TO-DATE
> Task :capacitor-app:preDebugBuild UP-TO-DATE
> Task :capacitor-app:writeDebugAarMetadata UP-TO-DATE
> Task :capacitor-codemirror:preBuild UP-TO-DATE
> Task :capacitor-codemirror:preDebugBuild UP-TO-DATE
> Task :capacitor-codemirror:writeDebugAarMetadata UP-TO-DATE
> Task :capacitor-cordova-android-plugins:preBuild UP-TO-DATE
> Task :capacitor-cordova-android-plugins:preDebugBuild UP-TO-DATE
> Task :capacitor-cordova-android-plugins:writeDebugAarMetadata UP-TO-DATE
> Task :capacitor-filesystem:preBuild UP-TO-DATE
> Task :capacitor-filesystem:preDebugBuild UP-TO-DATE
> Task :capacitor-filesystem:writeDebugAarMetadata UP-TO-DATE
> Task :capacitor-sora-editor:preBuild UP-TO-DATE
> Task :capacitor-sora-editor:preDebugBuild UP-TO-DATE
> Task :capacitor-sora-editor:writeDebugAarMetadata UP-TO-DATE
> Task :app:checkDebugAarMetadata FAILED

[Incubating] Problems report is available at: file:///C:/Users/abc15/Documents/GitHub/notes-min/android/build/reports/problems/problems-report.html

FAILURE: Build failed with an exception.

* What went wrong:
Execution failed for task ':app:checkDebugAarMetadata'.
> Could not resolve all files for configuration ':app:debugRuntimeClasspath'.
   > Could not find sora-editor:editor-release:v0.0.7.
     Searched in the following locations:
       - https://dl.google.com/dl/android/maven2/sora-editor/editor-release/v0.0.7/editor-release-v0.0.7.pom
       - https://repo.maven.apache.org/maven2/sora-editor/editor-release/v0.0.7/editor-release-v0.0.7.pom
       - file:/C:/Users/abc15/Documents/GitHub/notes-min/android/capacitor-cordova-android-plugins/src/main/libs/editor-release-v0.0.7.aar
       - file:/C:/Users/abc15/Documents/GitHub/notes-min/android/capacitor-cordova-android-plugins/src/main/libs/editor-release.aar
       - file:/C:/Users/abc15/Documents/GitHub/notes-min/android/app/libs/editor-release-v0.0.7.aar
       - file:/C:/Users/abc15/Documents/GitHub/notes-min/android/app/libs/editor-release.aar
     Required by:
         project :app > project :capacitor-sora-editor

* Try:
> Run with --stacktrace option to get the stack trace.
> Run with --info or --debug option to get more log output.
> Run with --scan to get full insights.
> Get more help at https://help.gradle.org.

Deprecated Gradle features were used in this build, making it incompatible with Gradle 9.0.

You can use '--warning-mode all' to show the individual deprecation warnings and determine if they come from your own scripts or plugins.

For more on this, please refer to https://docs.gradle.org/8.14.3/userguide/command_line_interface.html#sec:command_line_warnings in the Gradle documentation.

BUILD FAILED in 10s
8 actionable tasks: 1 executed, 7 up-to-date
